<?xml version="1.0" encoding="UTF-8"?>
<!-- Generated by org.testng.reporters.JUnitXMLReporter -->
<testsuite hostname="DESKTOP-6Q174MC" ignored="0" name="Scenario 1" tests="4" failures="0" timestamp="2021-05-12T21:58:34 IST" time="0.11" errors="0">
  <testcase name="atest" time="0.013" classname="com.vikrant.test.framework.hybrid.tests.FirstTest"/>
  <testcase name="btest" time="0.001" classname="com.vikrant.test.framework.hybrid.tests.FirstTest"/>
  <testcase name="btest" time="0.0" classname="com.vikrant.test.framework.hybrid.tests.FirstTest"/>
  <testcase name="ctest" time="0.0" classname="com.vikrant.test.framework.hybrid.tests.FirstTest"/>
</testsuite> <!-- Scenario 1 -->
